c:\users\fladn\desktop\proiect_pi\contactmanager\x64\debug\contactmanager.pch
c:\users\fladn\desktop\proiect_pi\contactmanager\x64\debug\vc143.pdb
c:\users\fladn\desktop\proiect_pi\contactmanager\x64\debug\vc143.idb
c:\users\fladn\desktop\proiect_pi\contactmanager\x64\debug\pch.obj
c:\users\fladn\desktop\proiect_pi\contactmanager\x64\debug\sendsmsdlg.obj
c:\users\fladn\desktop\proiect_pi\contactmanager\x64\debug\reminderdlg.obj
c:\users\fladn\desktop\proiect_pi\contactmanager\x64\debug\registerdlg.obj
c:\users\fladn\desktop\proiect_pi\contactmanager\x64\debug\maindlg.obj
c:\users\fladn\desktop\proiect_pi\contactmanager\x64\debug\editcontactdlg.obj
c:\users\fladn\desktop\proiect_pi\contactmanager\x64\debug\contactmanagerdlg.obj
c:\users\fladn\desktop\proiect_pi\contactmanager\x64\debug\contactmanager.obj
c:\users\fladn\desktop\proiect_pi\contactmanager\x64\debug\addreminderdlg.obj
c:\users\fladn\desktop\proiect_pi\contactmanager\x64\debug\addemaildlg.obj
c:\users\fladn\desktop\proiect_pi\contactmanager\x64\debug\addcontactdlg.obj
c:\users\fladn\desktop\proiect_pi\contactmanager\x64\debug\contactmanager.res
c:\users\fladn\desktop\proiect_pi\contactmanager\x64\debug\contactmanager.exp
c:\users\fladn\desktop\proiect_pi\contactmanager\x64\debug\contactmanager.pdb
c:\users\fladn\desktop\proiect_pi\contactmanager\x64\debug\contactmanager.tlog\cl.command.1.tlog
c:\users\fladn\desktop\proiect_pi\contactmanager\x64\debug\contactmanager.tlog\cl.read.1.tlog
c:\users\fladn\desktop\proiect_pi\contactmanager\x64\debug\contactmanager.tlog\cl.write.1.tlog
c:\users\fladn\desktop\proiect_pi\contactmanager\x64\debug\contactmanager.tlog\link-cvtres.read.1.tlog
c:\users\fladn\desktop\proiect_pi\contactmanager\x64\debug\contactmanager.tlog\link-cvtres.write.1.tlog
c:\users\fladn\desktop\proiect_pi\contactmanager\x64\debug\contactmanager.tlog\link-mt.read.1.tlog
c:\users\fladn\desktop\proiect_pi\contactmanager\x64\debug\contactmanager.tlog\link-mt.write.1.tlog
c:\users\fladn\desktop\proiect_pi\contactmanager\x64\debug\contactmanager.tlog\link-rc.read.1.tlog
c:\users\fladn\desktop\proiect_pi\contactmanager\x64\debug\contactmanager.tlog\link-rc.write.1.tlog
c:\users\fladn\desktop\proiect_pi\contactmanager\x64\debug\contactmanager.tlog\link.command.1.tlog
c:\users\fladn\desktop\proiect_pi\contactmanager\x64\debug\contactmanager.tlog\link.read.1.tlog
c:\users\fladn\desktop\proiect_pi\contactmanager\x64\debug\contactmanager.tlog\link.read.2.tlog
c:\users\fladn\desktop\proiect_pi\contactmanager\x64\debug\contactmanager.tlog\link.write.1.tlog
c:\users\fladn\desktop\proiect_pi\contactmanager\x64\debug\contactmanager.tlog\rc.command.1.tlog
c:\users\fladn\desktop\proiect_pi\contactmanager\x64\debug\contactmanager.tlog\rc.read.1.tlog
c:\users\fladn\desktop\proiect_pi\contactmanager\x64\debug\contactmanager.tlog\rc.write.1.tlog
